{"message":"No route found for /Admin/","context":{"context":"Router","part":"getRoute","extra":null},"level":300,"level_name":"WARNING","channel":"s5ea6163fd24d8","datetime":"2020-04-27T01:16:26.465594+02:00","extra":{}}
{"message":"No route found for /Admin/_indexCustomizing/","context":{"context":"Router","part":"getRoute","extra":null},"level":300,"level_name":"WARNING","channel":"s5ea6163fd24d8","datetime":"2020-04-27T01:16:30.739198+02:00","extra":{}}
{"message":"No route found for /Admin/_indexCustomizingSubmit/","context":{"context":"Router","part":"getRoute","extra":null},"level":300,"level_name":"WARNING","channel":"s5ea6163fd24d8","datetime":"2020-04-27T01:16:46.634981+02:00","extra":{}}
{"message":"No route found for /Admin/Seo/","context":{"context":"Router","part":"getRoute","extra":null},"level":300,"level_name":"WARNING","channel":"s5ea6163fd24d8","datetime":"2020-04-27T01:16:49.815968+02:00","extra":{}}
{"message":"No route found for /Admin/_newSeoController/","context":{"context":"Router","part":"getRoute","extra":null},"level":300,"level_name":"WARNING","channel":"s5ea6163fd24d8","datetime":"2020-04-27T01:16:52.120941+02:00","extra":{}}
{"message":"No route found for /Admin/_checkController/","context":{"context":"Router","part":"getRoute","extra":null},"level":300,"level_name":"WARNING","channel":"s5ea6163fd24d8","datetime":"2020-04-27T01:16:54.101389+02:00","extra":{}}
{"message":"No route found for /Admin/_generateRobots/","context":{"context":"Router","part":"getRoute","extra":null},"level":300,"level_name":"WARNING","channel":"s5ea6163fd24d8","datetime":"2020-04-27T01:16:57.435595+02:00","extra":{}}
{"message":"No route found for /Admin/Git/","context":{"context":"Router","part":"getRoute","extra":null},"level":300,"level_name":"WARNING","channel":"s5ea6163fd24d8","datetime":"2020-04-27T01:17:02.861561+02:00","extra":{}}
{"message":"No route found for /Admin/_gitInit/","context":{"context":"Router","part":"getRoute","extra":null},"level":300,"level_name":"WARNING","channel":"s5ea6163fd24d8","datetime":"2020-04-27T01:17:06.933899+02:00","extra":{}}
{"message":"No route found for /Admin/Git/","context":{"context":"Router","part":"getRoute","extra":null},"level":300,"level_name":"WARNING","channel":"s5ea6163fd24d8","datetime":"2020-04-27T01:19:41.567238+02:00","extra":{}}
{"message":"No route found for /Admin/Git/","context":{"context":"Router","part":"getRoute","extra":null},"level":300,"level_name":"WARNING","channel":"s5ea6163fd24d8","datetime":"2020-04-27T01:26:38.946595+02:00","extra":{}}
{"message":"No route found for /Admin/_gitIgnoreEdit/","context":{"context":"Router","part":"getRoute","extra":null},"level":300,"level_name":"WARNING","channel":"s5ea6163fd24d8","datetime":"2020-04-27T01:29:58.295729+02:00","extra":{}}
{"message":"No route found for /Admin/_gitIgnoreValidate/","context":{"context":"Router","part":"getRoute","extra":null},"level":300,"level_name":"WARNING","channel":"s5ea6163fd24d8","datetime":"2020-04-27T01:30:08.588680+02:00","extra":{}}
{"message":"No route found for /Admin/_refreshGitFiles/","context":{"context":"Router","part":"getRoute","extra":null},"level":300,"level_name":"WARNING","channel":"s5ea6163fd24d8","datetime":"2020-04-27T01:30:08.756040+02:00","extra":{}}
{"message":"No route found for /Admin/_gitFrmSettings/","context":{"context":"Router","part":"getRoute","extra":null},"level":300,"level_name":"WARNING","channel":"s5ea6163fd24d8","datetime":"2020-04-27T01:32:32.887224+02:00","extra":{}}
{"message":"No route found for /Admin/_gitIgnoreEdit/","context":{"context":"Router","part":"getRoute","extra":null},"level":300,"level_name":"WARNING","channel":"s5ea6163fd24d8","datetime":"2020-04-27T01:33:14.597369+02:00","extra":{}}
{"message":"No route found for /Admin/_gitIgnoreValidate/","context":{"context":"Router","part":"getRoute","extra":null},"level":300,"level_name":"WARNING","channel":"s5ea6163fd24d8","datetime":"2020-04-27T01:33:41.513212+02:00","extra":{}}
{"message":"No route found for /Admin/_refreshGitFiles/","context":{"context":"Router","part":"getRoute","extra":null},"level":300,"level_name":"WARNING","channel":"s5ea6163fd24d8","datetime":"2020-04-27T01:33:41.698296+02:00","extra":{}}
{"message":"No route found for /Admin/Git/","context":{"context":"Router","part":"getRoute","extra":null},"level":300,"level_name":"WARNING","channel":"s5ea6163fd24d8","datetime":"2020-04-27T02:05:43.922317+02:00","extra":{}}
{"message":"No route found for /Admin/Git/","context":{"context":"Router","part":"getRoute","extra":null},"level":300,"level_name":"WARNING","channel":"s5ea6163fd24d8","datetime":"2020-04-27T02:10:30.356068+02:00","extra":{}}
{"message":"No route found for /Admin/Git/","context":{"context":"Router","part":"getRoute","extra":null},"level":300,"level_name":"WARNING","channel":"s5ea6163fd24d8","datetime":"2020-04-27T02:11:09.991296+02:00","extra":{}}
{"message":"No route found for /Admin/_gitIgnoreEdit/","context":{"context":"Router","part":"getRoute","extra":null},"level":300,"level_name":"WARNING","channel":"s5ea6163fd24d8","datetime":"2020-04-27T02:11:44.954880+02:00","extra":{}}
{"message":"No route found for /Admin/_gitIgnoreValidate/","context":{"context":"Router","part":"getRoute","extra":null},"level":300,"level_name":"WARNING","channel":"s5ea6163fd24d8","datetime":"2020-04-27T02:11:58.002195+02:00","extra":{}}
{"message":"No route found for /Admin/_refreshGitFiles/","context":{"context":"Router","part":"getRoute","extra":null},"level":300,"level_name":"WARNING","channel":"s5ea6163fd24d8","datetime":"2020-04-27T02:11:58.184895+02:00","extra":{}}
{"message":"No route found for /Admin/Git/","context":{"context":"Router","part":"getRoute","extra":null},"level":300,"level_name":"WARNING","channel":"s5ea6163fd24d8","datetime":"2020-04-27T02:15:14.505172+02:00","extra":{}}
{"message":"No route found for /Admin/_gitIgnoreEdit/","context":{"context":"Router","part":"getRoute","extra":null},"level":300,"level_name":"WARNING","channel":"s5ea6163fd24d8","datetime":"2020-04-27T02:16:48.669582+02:00","extra":{}}
{"message":"No route found for /Admin/_gitIgnoreValidate/","context":{"context":"Router","part":"getRoute","extra":null},"level":300,"level_name":"WARNING","channel":"s5ea6163fd24d8","datetime":"2020-04-27T02:17:03.559407+02:00","extra":{}}
{"message":"No route found for /Admin/_refreshGitFiles/","context":{"context":"Router","part":"getRoute","extra":null},"level":300,"level_name":"WARNING","channel":"s5ea6163fd24d8","datetime":"2020-04-27T02:17:06.885059+02:00","extra":{}}
{"message":"No route found for /Admin/Git/","context":{"context":"Router","part":"getRoute","extra":null},"level":300,"level_name":"WARNING","channel":"s5ea6163fd24d8","datetime":"2020-04-27T02:21:23.574899+02:00","extra":{}}
{"message":"No route found for /Admin/_gitChangesInfiles/app/config/bootstrap.php/","context":{"context":"Router","part":"getRoute","extra":null},"level":300,"level_name":"WARNING","channel":"s5ea6163fd24d8","datetime":"2020-04-27T02:21:32.991966+02:00","extra":{}}
{"message":"No route found for /Admin/_gitChangesInfiles/app/config/config.php/","context":{"context":"Router","part":"getRoute","extra":null},"level":300,"level_name":"WARNING","channel":"s5ea6163fd24d8","datetime":"2020-04-27T02:21:35.093016+02:00","extra":{}}
{"message":"No route found for /Admin/_gitChangesInfiles/app/config/preloader.config.php/","context":{"context":"Router","part":"getRoute","extra":null},"level":300,"level_name":"WARNING","channel":"s5ea6163fd24d8","datetime":"2020-04-27T02:21:36.826020+02:00","extra":{}}
{"message":"No route found for /Admin/_gitChangesInfiles/app/config/preloader.script.php/","context":{"context":"Router","part":"getRoute","extra":null},"level":300,"level_name":"WARNING","channel":"s5ea6163fd24d8","datetime":"2020-04-27T02:21:38.753914+02:00","extra":{}}
{"message":"No route found for /Admin/_gitIgnoreEdit/","context":{"context":"Router","part":"getRoute","extra":null},"level":300,"level_name":"WARNING","channel":"s5ea6163fd24d8","datetime":"2020-04-27T02:21:42.798225+02:00","extra":{}}
{"message":"No route found for /Admin/_gitIgnoreValidate/","context":{"context":"Router","part":"getRoute","extra":null},"level":300,"level_name":"WARNING","channel":"s5ea6163fd24d8","datetime":"2020-04-27T02:21:49.599026+02:00","extra":{}}
{"message":"No route found for /Admin/_refreshGitFiles/","context":{"context":"Router","part":"getRoute","extra":null},"level":300,"level_name":"WARNING","channel":"s5ea6163fd24d8","datetime":"2020-04-27T02:21:49.767763+02:00","extra":{}}
{"message":"No route found for /Admin/_gitIgnoreEdit/","context":{"context":"Router","part":"getRoute","extra":null},"level":300,"level_name":"WARNING","channel":"s5ea6163fd24d8","datetime":"2020-04-27T02:22:11.258389+02:00","extra":{}}
{"message":"No route found for /Admin/_gitIgnoreEdit/","context":{"context":"Router","part":"getRoute","extra":null},"level":300,"level_name":"WARNING","channel":"s5ea6163fd24d8","datetime":"2020-04-27T02:23:30.561738+02:00","extra":{}}
{"message":"No route found for /Admin/Git/","context":{"context":"Router","part":"getRoute","extra":null},"level":300,"level_name":"WARNING","channel":"s5ea6163fd24d8","datetime":"2020-04-27T02:30:29.704668+02:00","extra":{}}
{"message":"No route found for /Admin/index/","context":{"context":"Router","part":"getRoute","extra":null},"level":300,"level_name":"WARNING","channel":"s5ea6163fd24d8","datetime":"2020-04-27T02:32:25.919846+02:00","extra":{}}
{"message":"No route found for /Admin/Git/","context":{"context":"Router","part":"getRoute","extra":null},"level":300,"level_name":"WARNING","channel":"s5ea6163fd24d8","datetime":"2020-04-27T02:32:30.844715+02:00","extra":{}}
{"message":"No route found for /Admin/index/","context":{"context":"Router","part":"getRoute","extra":null},"level":300,"level_name":"WARNING","channel":"s5ea6163fd24d8","datetime":"2020-04-27T02:34:28.684270+02:00","extra":{}}
{"message":"No route found for /Admin/Controllers/","context":{"context":"Router","part":"getRoute","extra":null},"level":300,"level_name":"WARNING","channel":"s5ea6163fd24d8","datetime":"2020-04-27T02:34:34.012994+02:00","extra":{}}
{"message":"No route found for /Admin/Git/","context":{"context":"Router","part":"getRoute","extra":null},"level":300,"level_name":"WARNING","channel":"s5ea6163fd24d8","datetime":"2020-04-27T02:34:37.570110+02:00","extra":{}}
{"message":"No route found for /Admin/_gitIgnoreEdit/","context":{"context":"Router","part":"getRoute","extra":null},"level":300,"level_name":"WARNING","channel":"s5ea6163fd24d8","datetime":"2020-04-27T02:35:14.719607+02:00","extra":{}}
{"message":"No route found for /Admin/_gitIgnoreValidate/","context":{"context":"Router","part":"getRoute","extra":null},"level":300,"level_name":"WARNING","channel":"s5ea6163fd24d8","datetime":"2020-04-27T02:35:23.223064+02:00","extra":{}}
{"message":"No route found for /Admin/_refreshGitFiles/","context":{"context":"Router","part":"getRoute","extra":null},"level":300,"level_name":"WARNING","channel":"s5ea6163fd24d8","datetime":"2020-04-27T02:35:23.455352+02:00","extra":{}}
{"message":"No route found for /Admin/Git/","context":{"context":"Router","part":"getRoute","extra":null},"level":300,"level_name":"WARNING","channel":"s5ea6163fd24d8","datetime":"2020-04-27T02:39:58.825253+02:00","extra":{}}
{"message":"No route found for /Admin/Git/","context":{"context":"Router","part":"getRoute","extra":null},"level":300,"level_name":"WARNING","channel":"s5ea6163fd24d8","datetime":"2020-04-27T02:40:23.325299+02:00","extra":{}}
{"message":"No route found for /Admin/Git/","context":{"context":"Router","part":"getRoute","extra":null},"level":300,"level_name":"WARNING","channel":"s5ea6163fd24d8","datetime":"2020-04-27T02:41:34.764243+02:00","extra":{}}
{"message":"No route found for /Admin/Git/","context":{"context":"Router","part":"getRoute","extra":null},"level":300,"level_name":"WARNING","channel":"s5ea6163fd24d8","datetime":"2020-04-27T02:42:06.216112+02:00","extra":{}}
{"message":"No route found for /Admin/Git/","context":{"context":"Router","part":"getRoute","extra":null},"level":300,"level_name":"WARNING","channel":"s5ea6163fd24d8","datetime":"2020-04-27T02:42:30.643322+02:00","extra":{}}
{"message":"No route found for /Admin/_gitIgnoreEdit/","context":{"context":"Router","part":"getRoute","extra":null},"level":300,"level_name":"WARNING","channel":"s5ea6163fd24d8","datetime":"2020-04-27T02:42:45.638571+02:00","extra":{}}
{"message":"No route found for /Admin/_gitIgnoreValidate/","context":{"context":"Router","part":"getRoute","extra":null},"level":300,"level_name":"WARNING","channel":"s5ea6163fd24d8","datetime":"2020-04-27T02:42:53.255492+02:00","extra":{}}
{"message":"No route found for /Admin/_refreshGitFiles/","context":{"context":"Router","part":"getRoute","extra":null},"level":300,"level_name":"WARNING","channel":"s5ea6163fd24d8","datetime":"2020-04-27T02:42:53.420732+02:00","extra":{}}
{"message":"No route found for /Admin/_gitIgnoreEdit/","context":{"context":"Router","part":"getRoute","extra":null},"level":300,"level_name":"WARNING","channel":"s5ea6163fd24d8","datetime":"2020-04-27T02:43:33.681804+02:00","extra":{}}
{"message":"No route found for /Admin/_gitIgnoreValidate/","context":{"context":"Router","part":"getRoute","extra":null},"level":300,"level_name":"WARNING","channel":"s5ea6163fd24d8","datetime":"2020-04-27T02:43:43.412583+02:00","extra":{}}
{"message":"No route found for /Admin/_refreshGitFiles/","context":{"context":"Router","part":"getRoute","extra":null},"level":300,"level_name":"WARNING","channel":"s5ea6163fd24d8","datetime":"2020-04-27T02:43:43.606149+02:00","extra":{}}
{"message":"No route found for /Admin/_gitIgnoreEdit/","context":{"context":"Router","part":"getRoute","extra":null},"level":300,"level_name":"WARNING","channel":"s5ea6163fd24d8","datetime":"2020-04-27T02:45:34.185085+02:00","extra":{}}
{"message":"No route found for /Admin/Git/","context":{"context":"Router","part":"getRoute","extra":null},"level":300,"level_name":"WARNING","channel":"s5ea6163fd24d8","datetime":"2020-04-27T02:45:39.291082+02:00","extra":{}}
{"message":"No route found for /Admin/Git/","context":{"context":"Router","part":"getRoute","extra":null},"level":300,"level_name":"WARNING","channel":"s5ea6163fd24d8","datetime":"2020-04-27T02:46:27.941290+02:00","extra":{}}
{"message":"No route found for /Admin/Git/","context":{"context":"Router","part":"getRoute","extra":null},"level":300,"level_name":"WARNING","channel":"s5ea6163fd24d8","datetime":"2020-04-27T02:51:03.562285+02:00","extra":{}}
{"message":"No route found for /Admin/_gitChangesInfiles/.gitignore/","context":{"context":"Router","part":"getRoute","extra":null},"level":300,"level_name":"WARNING","channel":"s5ea6163fd24d8","datetime":"2020-04-27T02:51:11.091846+02:00","extra":{}}
{"message":"No route found for /Admin/_gitChangesInfiles/.gitignore/","context":{"context":"Router","part":"getRoute","extra":null},"level":300,"level_name":"WARNING","channel":"s5ea6163fd24d8","datetime":"2020-04-27T02:51:13.683346+02:00","extra":{}}
{"message":"No route found for /Admin/_gitChangesInfiles/.gitignore/","context":{"context":"Router","part":"getRoute","extra":null},"level":300,"level_name":"WARNING","channel":"s5ea6163fd24d8","datetime":"2020-04-27T02:51:15.095630+02:00","extra":{}}
{"message":"No route found for /Admin/_gitChangesInfiles/.gitignore/","context":{"context":"Router","part":"getRoute","extra":null},"level":300,"level_name":"WARNING","channel":"s5ea6163fd24d8","datetime":"2020-04-27T02:51:17.369307+02:00","extra":{}}
{"message":"No route found for /Admin/_gitChangesInfiles/.gitignore/","context":{"context":"Router","part":"getRoute","extra":null},"level":300,"level_name":"WARNING","channel":"s5ea6163fd24d8","datetime":"2020-04-27T02:51:22.163293+02:00","extra":{}}
{"message":"No route found for /Admin/_gitChangesInfiles/.gitignore/","context":{"context":"Router","part":"getRoute","extra":null},"level":300,"level_name":"WARNING","channel":"s5ea6163fd24d8","datetime":"2020-04-27T02:51:24.052811+02:00","extra":{}}
{"message":"No route found for /Admin/_gitIgnoreEdit/","context":{"context":"Router","part":"getRoute","extra":null},"level":300,"level_name":"WARNING","channel":"s5ea6163fd24d8","datetime":"2020-04-27T02:51:32.304787+02:00","extra":{}}
{"message":"No route found for /Admin/_gitIgnoreValidate/","context":{"context":"Router","part":"getRoute","extra":null},"level":300,"level_name":"WARNING","channel":"s5ea6163fd24d8","datetime":"2020-04-27T02:51:37.639549+02:00","extra":{}}
{"message":"No route found for /Admin/_refreshGitFiles/","context":{"context":"Router","part":"getRoute","extra":null},"level":300,"level_name":"WARNING","channel":"s5ea6163fd24d8","datetime":"2020-04-27T02:51:37.809420+02:00","extra":{}}
{"message":"No route found for /Admin/_gitChangesInfiles/.gitignore/","context":{"context":"Router","part":"getRoute","extra":null},"level":300,"level_name":"WARNING","channel":"s5ea6163fd24d8","datetime":"2020-04-27T02:52:17.721601+02:00","extra":{}}
{"message":"No route found for /Admin/_gitChangesInfiles/.ubiquity/.htrouter.php/","context":{"context":"Router","part":"getRoute","extra":null},"level":300,"level_name":"WARNING","channel":"s5ea6163fd24d8","datetime":"2020-04-27T02:52:28.393552+02:00","extra":{}}
{"message":"No route found for /Admin/_gitIgnoreEdit/","context":{"context":"Router","part":"getRoute","extra":null},"level":300,"level_name":"WARNING","channel":"s5ea6163fd24d8","datetime":"2020-04-27T02:53:15.084484+02:00","extra":{}}
{"message":"No route found for /Admin/_gitIgnoreValidate/","context":{"context":"Router","part":"getRoute","extra":null},"level":300,"level_name":"WARNING","channel":"s5ea6163fd24d8","datetime":"2020-04-27T02:53:25.132618+02:00","extra":{}}
{"message":"No route found for /Admin/_refreshGitFiles/","context":{"context":"Router","part":"getRoute","extra":null},"level":300,"level_name":"WARNING","channel":"s5ea6163fd24d8","datetime":"2020-04-27T02:53:26.615818+02:00","extra":{}}
{"message":"No route found for /Admin/Git/","context":{"context":"Router","part":"getRoute","extra":null},"level":300,"level_name":"WARNING","channel":"s5ea6163fd24d8","datetime":"2020-04-27T02:56:21.036164+02:00","extra":{}}
{"message":"No route found for /Admin/Git/","context":{"context":"Router","part":"getRoute","extra":null},"level":300,"level_name":"WARNING","channel":"s5ea6163fd24d8","datetime":"2020-04-27T02:57:42.966403+02:00","extra":{}}
{"message":"No route found for /Admin/_refreshGitFiles/","context":{"context":"Router","part":"getRoute","extra":null},"level":300,"level_name":"WARNING","channel":"s5ea6163fd24d8","datetime":"2020-04-27T03:15:25.465290+02:00","extra":{}}
{"message":"No route found for /Admin/_gitPull/","context":{"context":"Router","part":"getRoute","extra":null},"level":300,"level_name":"WARNING","channel":"s5ea6163fd24d8","datetime":"2020-04-27T03:15:52.443238+02:00","extra":{}}
{"message":"No route found for /Admin/Git/","context":{"context":"Router","part":"getRoute","extra":null},"level":300,"level_name":"WARNING","channel":"s5ea6163fd24d8","datetime":"2020-04-27T03:16:03.133748+02:00","extra":{}}
{"message":"No route found for /Admin/_gitFrmSettings/","context":{"context":"Router","part":"getRoute","extra":null},"level":300,"level_name":"WARNING","channel":"s5ea6163fd24d8","datetime":"2020-04-27T03:16:20.073847+02:00","extra":{}}
{"message":"No route found for /Admin/_updateGitParams/","context":{"context":"Router","part":"getRoute","extra":null},"level":300,"level_name":"WARNING","channel":"s5ea6163fd24d8","datetime":"2020-04-27T03:17:22.052790+02:00","extra":{}}
{"message":"No route found for /Admin/_gitChangesInfiles/index.php/","context":{"context":"Router","part":"getRoute","extra":null},"level":300,"level_name":"WARNING","channel":"s5ea6163fd24d8","datetime":"2020-04-27T03:17:46.431939+02:00","extra":{}}
{"message":"No route found for /Admin/_gitChangesInfiles/index.php/","context":{"context":"Router","part":"getRoute","extra":null},"level":300,"level_name":"WARNING","channel":"s5ea6163fd24d8","datetime":"2020-04-27T03:17:49.445322+02:00","extra":{}}
{"message":"No route found for /Admin/Git/","context":{"context":"Router","part":"getRoute","extra":null},"level":300,"level_name":"WARNING","channel":"s5ea6163fd24d8","datetime":"2020-04-27T03:28:11.027363+02:00","extra":{}}
{"message":"No route found for /Admin/_gitCommit/","context":{"context":"Router","part":"getRoute","extra":null},"level":300,"level_name":"WARNING","channel":"s5ea6163fd24d8","datetime":"2020-04-27T03:28:18.246233+02:00","extra":{}}
